<?xml version="1.0" encoding="UTF-8"?>
<!-- Generated by org.testng.reporters.JUnitXMLReporter -->
<testsuite hostname="LAPTOP-BDF4F072" failures="1" tests="6" name="Test" time="14.178" errors="0" timestamp="21 Sep 2024 20:32:07 GMT">
  <testcase classname="com.Myntra.Women" name="women" time="1.247">
    <skipped/>
  </testcase> <!-- women -->
  <testcase classname="com.Myntra.Women" name="women" time="0.726">
    <skipped/>
  </testcase> <!-- women -->
  <testcase classname="com.Myntra.Women" name="women" time="2.05">
    <failure type="java.lang.AssertionError" message="The following asserts failed:
	Assertion failure expected [men] but found [WOMEN]">
      <![CDATA[java.lang.AssertionError: The following asserts failed:
	Assertion failure expected [men] but found [WOMEN]
	at com.Myntra.Women.women(Women.java:50)
... Removed 25 stack frames]]>
    </failure>
  </testcase> <!-- women -->
  <testcase classname="com.Myntra.Women" name="validateWomanPage" time="0.327"/>
  <testcase classname="com.Myntra.Women" name="clickOnBiba" time="1.903"/>
  <testcase classname="com.Myntra.Women" name="validateBiba" time="0.57"/>
</testsuite> <!-- Test -->
